<?xml version="1.0" encoding="UTF-8"?>
<!-- Generated by org.testng.reporters.JUnitReportReporter -->
<testsuite hostname="RP" failures="0" tests="3" name="testcases.GoogleSeachTest" time="6.424" errors="0" timestamp="2022-10-02T10:33:38 EDT" skipped="0">
  <testcase classname="testcases.GoogleSeachTest" name="GoogleSearchList" time="1.794"/>
  <testcase classname="testcases.GoogleSeachTest" name="Facebookpage" time="3.057"/>
  <testcase classname="testcases.GoogleSeachTest" name="verifylogin" time="1.573"/>
</testsuite> <!-- testcases.GoogleSeachTest -->
